Started GET "/" for ::1 at 2019-10-15 20:58:57 +0300
  [1m[35m (1.8ms)[0m  [1m[34mSELECT sqlite_version(*)[0m
  
ActiveRecord::PendingMigrationError (

Migrations are pending. To resolve this issue, run:

        rails db:migrate RAILS_ENV=development

):
  
activerecord (6.0.0) lib/active_record/migration.rb:587:in `check_pending!'
activerecord (6.0.0) lib/active_record/migration.rb:564:in `call'
actionpack (6.0.0) lib/action_dispatch/middleware/callbacks.rb:27:in `block in call'
activesupport (6.0.0) lib/active_support/callbacks.rb:101:in `run_callbacks'
actionpack (6.0.0) lib/action_dispatch/middleware/callbacks.rb:26:in `call'
actionpack (6.0.0) lib/action_dispatch/middleware/executor.rb:14:in `call'
actionpack (6.0.0) lib/action_dispatch/middleware/actionable_exceptions.rb:17:in `call'
actionpack (6.0.0) lib/action_dispatch/middleware/debug_exceptions.rb:32:in `call'
web-console (4.0.1) lib/web_console/middleware.rb:132:in `call_app'
web-console (4.0.1) lib/web_console/middleware.rb:28:in `block in call'
web-console (4.0.1) lib/web_console/middleware.rb:17:in `catch'
web-console (4.0.1) lib/web_console/middleware.rb:17:in `call'
actionpack (6.0.0) lib/action_dispatch/middleware/show_exceptions.rb:33:in `call'
railties (6.0.0) lib/rails/rack/logger.rb:38:in `call_app'
railties (6.0.0) lib/rails/rack/logger.rb:26:in `block in call'
activesupport (6.0.0) lib/active_support/tagged_logging.rb:80:in `block in tagged'
activesupport (6.0.0) lib/active_support/tagged_logging.rb:28:in `tagged'
activesupport (6.0.0) lib/active_support/tagged_logging.rb:80:in `tagged'
railties (6.0.0) lib/rails/rack/logger.rb:26:in `call'
sprockets-rails (3.2.1) lib/sprockets/rails/quiet_assets.rb:13:in `call'
actionpack (6.0.0) lib/action_dispatch/middleware/remote_ip.rb:81:in `call'
actionpack (6.0.0) lib/action_dispatch/middleware/request_id.rb:27:in `call'
rack (2.0.7) lib/rack/method_override.rb:22:in `call'
rack (2.0.7) lib/rack/runtime.rb:22:in `call'
activesupport (6.0.0) lib/active_support/cache/strategy/local_cache_middleware.rb:29:in `call'
actionpack (6.0.0) lib/action_dispatch/middleware/executor.rb:14:in `call'
actionpack (6.0.0) lib/action_dispatch/middleware/static.rb:126:in `call'
rack (2.0.7) lib/rack/sendfile.rb:111:in `call'
actionpack (6.0.0) lib/action_dispatch/middleware/host_authorization.rb:83:in `call'
webpacker (4.0.7) lib/webpacker/dev_server_proxy.rb:29:in `perform_request'
rack-proxy (0.6.5) lib/rack/proxy.rb:57:in `call'
railties (6.0.0) lib/rails/engine.rb:526:in `call'
puma (3.12.1) lib/puma/configuration.rb:227:in `call'
puma (3.12.1) lib/puma/server.rb:660:in `handle_request'
puma (3.12.1) lib/puma/server.rb:474:in `process_client'
puma (3.12.1) lib/puma/server.rb:334:in `block in run'
puma (3.12.1) lib/puma/thread_pool.rb:135:in `block in spawn_thread'
  [1m[35m (0.3ms)[0m  [1m[34mSELECT sqlite_version(*)[0m
  [1m[35m (141.1ms)[0m  [1m[35mCREATE TABLE "schema_migrations" ("version" varchar NOT NULL PRIMARY KEY)[0m
  [1m[35m (103.0ms)[0m  [1m[35mCREATE TABLE "ar_internal_metadata" ("key" varchar NOT NULL PRIMARY KEY, "value" varchar, "created_at" datetime(6) NOT NULL, "updated_at" datetime(6) NOT NULL)[0m
  [1m[35m (0.2ms)[0m  [1m[34mSELECT "schema_migrations"."version" FROM "schema_migrations" ORDER BY "schema_migrations"."version" ASC[0m
Migrating to CreateRailwayStations (20191013160837)
  [1m[35m (0.1ms)[0m  [1m[36mbegin transaction[0m
  [1m[35m (0.5ms)[0m  [1m[35mCREATE TABLE "railway_stations" ("id" integer PRIMARY KEY AUTOINCREMENT NOT NULL, "title" varchar, "created_at" datetime(6) NOT NULL, "updated_at" datetime(6) NOT NULL)[0m
  [1m[36mprimary::SchemaMigration Create (0.2ms)[0m  [1m[32mINSERT INTO "schema_migrations" ("version") VALUES (?)[0m  [["version", "20191013160837"]]
  [1m[35m (119.5ms)[0m  [1m[36mcommit transaction[0m
Migrating to CreateTrains (20191013174101)
  [1m[35m (0.1ms)[0m  [1m[36mbegin transaction[0m
  [1m[35m (0.4ms)[0m  [1m[35mCREATE TABLE "trains" ("id" integer PRIMARY KEY AUTOINCREMENT NOT NULL, "number" varchar, "created_at" datetime(6) NOT NULL, "updated_at" datetime(6) NOT NULL)[0m
  [1m[36mprimary::SchemaMigration Create (0.2ms)[0m  [1m[32mINSERT INTO "schema_migrations" ("version") VALUES (?)[0m  [["version", "20191013174101"]]
  [1m[35m (121.3ms)[0m  [1m[36mcommit transaction[0m
Migrating to CreateRoutes (20191014141952)
  [1m[35m (0.2ms)[0m  [1m[36mbegin transaction[0m
  [1m[35m (0.3ms)[0m  [1m[35mCREATE TABLE "routes" ("id" integer PRIMARY KEY AUTOINCREMENT NOT NULL, "name" varchar, "created_at" datetime(6) NOT NULL, "updated_at" datetime(6) NOT NULL)[0m
  [1m[36mprimary::SchemaMigration Create (0.2ms)[0m  [1m[32mINSERT INTO "schema_migrations" ("version") VALUES (?)[0m  [["version", "20191014141952"]]
  [1m[35m (109.9ms)[0m  [1m[36mcommit transaction[0m
  [1m[36mActiveRecord::InternalMetadata Load (0.2ms)[0m  [1m[34mSELECT "ar_internal_metadata".* FROM "ar_internal_metadata" WHERE "ar_internal_metadata"."key" = ? LIMIT ?[0m  [["key", "environment"], ["LIMIT", 1]]
  [1m[35m (0.1ms)[0m  [1m[36mbegin transaction[0m
  [1m[36mActiveRecord::InternalMetadata Create (0.2ms)[0m  [1m[32mINSERT INTO "ar_internal_metadata" ("key", "value", "created_at", "updated_at") VALUES (?, ?, ?, ?)[0m  [["key", "environment"], ["value", "development"], ["created_at", "2019-10-15 17:59:31.104320"], ["updated_at", "2019-10-15 17:59:31.104320"]]
  [1m[35m (77.0ms)[0m  [1m[36mcommit transaction[0m
  [1m[35m (0.2ms)[0m  [1m[34mSELECT sqlite_version(*)[0m
  [1m[35m (0.1ms)[0m  [1m[34mSELECT "schema_migrations"."version" FROM "schema_migrations" ORDER BY "schema_migrations"."version" ASC[0m
Started GET "/" for ::1 at 2019-10-15 20:59:42 +0300
  [1m[35m (0.6ms)[0m  [1m[34mSELECT sqlite_version(*)[0m
  [1m[35m (0.2ms)[0m  [1m[34mSELECT "schema_migrations"."version" FROM "schema_migrations" ORDER BY "schema_migrations"."version" ASC[0m
Processing by WelcomeController#index as HTML
  Rendering welcome/index.html.erb within layouts/application
  Rendered welcome/index.html.erb within layouts/application (Duration: 1.4ms | Allocations: 499)
[Webpacker] Compiling…
Started GET "/" for ::1 at 2019-10-15 20:59:47 +0300
  [1m[35m (0.1ms)[0m  [1m[34mSELECT sqlite_version(*)[0m
Processing by WelcomeController#index as HTML
  Rendering welcome/index.html.erb within layouts/application
  Rendered welcome/index.html.erb within layouts/application (Duration: 0.3ms | Allocations: 98)
[Webpacker] Compiling…
[Webpacker] Compiled all packs in /home/den/tutu/public/packs
Completed 200 OK in 7974ms (Views: 7967.9ms | ActiveRecord: 0.0ms | Allocations: 1289317)


[Webpacker] Compiled all packs in /home/den/tutu/public/packs
Completed 200 OK in 5394ms (Views: 5393.3ms | ActiveRecord: 0.0ms | Allocations: 10587)


Started GET "/" for ::1 at 2019-10-15 20:59:54 +0300
Processing by WelcomeController#index as HTML
  Rendering welcome/index.html.erb within layouts/application
  Rendered welcome/index.html.erb within layouts/application (Duration: 0.2ms | Allocations: 90)
Completed 200 OK in 9ms (Views: 8.3ms | ActiveRecord: 0.0ms | Allocations: 7420)


Started GET "/railway_stations" for ::1 at 2019-10-15 20:59:57 +0300
Processing by RailwayStationsController#index as HTML
  Rendering railway_stations/index.html.erb within layouts/application
  [1m[36mRailwayStation Load (0.2ms)[0m  [1m[34mSELECT "railway_stations".* FROM "railway_stations"[0m
  ↳ app/views/railway_stations/index.html.erb:14
  Rendered railway_stations/index.html.erb within layouts/application (Duration: 2.8ms | Allocations: 1359)
Completed 200 OK in 15ms (Views: 12.4ms | ActiveRecord: 0.5ms | Allocations: 9720)


Started GET "/trains" for ::1 at 2019-10-15 20:59:59 +0300
Processing by TrainsController#index as HTML
  Rendering trains/index.html.erb within layouts/application
  [1m[36mTrain Load (0.2ms)[0m  [1m[34mSELECT "trains".* FROM "trains"[0m
  ↳ app/views/trains/index.html.erb:14
  Rendered trains/index.html.erb within layouts/application (Duration: 3.5ms | Allocations: 1159)
Completed 200 OK in 17ms (Views: 13.4ms | ActiveRecord: 0.6ms | Allocations: 9354)


Started GET "/routes" for ::1 at 2019-10-15 21:00:13 +0300
Processing by RoutesController#index as HTML
  Rendering routes/index.html.erb within layouts/application
  [1m[36mRoute Load (0.2ms)[0m  [1m[34mSELECT "routes".* FROM "routes"[0m
  ↳ app/views/routes/index.html.erb:14
  Rendered routes/index.html.erb within layouts/application (Duration: 2.9ms | Allocations: 1160)
Completed 200 OK in 14ms (Views: 11.1ms | ActiveRecord: 0.5ms | Allocations: 9379)


Started GET "/railway_stations" for ::1 at 2019-10-15 21:00:26 +0300
Processing by RailwayStationsController#index as HTML
  Rendering railway_stations/index.html.erb within layouts/application
  [1m[36mRailwayStation Load (0.3ms)[0m  [1m[34mSELECT "railway_stations".* FROM "railway_stations"[0m
  ↳ app/views/railway_stations/index.html.erb:14
  Rendered railway_stations/index.html.erb within layouts/application (Duration: 2.7ms | Allocations: 658)
Completed 200 OK in 13ms (Views: 11.7ms | ActiveRecord: 0.3ms | Allocations: 8007)


Started GET "/railway_stations/new" for ::1 at 2019-10-15 21:00:30 +0300
Processing by RailwayStationsController#new as HTML
  Rendering railway_stations/new.html.erb within layouts/application
  Rendered railway_stations/_form.html.erb (Duration: 11.9ms | Allocations: 4862)
  Rendered railway_stations/new.html.erb within layouts/application (Duration: 13.3ms | Allocations: 5215)
Completed 200 OK in 30ms (Views: 23.3ms | ActiveRecord: 0.5ms | Allocations: 15174)


Started POST "/railway_stations" for ::1 at 2019-10-15 21:00:36 +0300
Processing by RailwayStationsController#create as HTML
  Parameters: {"authenticity_token"=>"vx8FbJ0Eq9VOfSHQ4LSRGBnKwyx7AhsxR43csEvJypC+gkArI0avxsqqyQe0DCywDxR5K+Mu0ApUwMJTRHjCEg==", "railway_station"=>{"title"=>"Москва"}, "commit"=>"Create Railway station"}
  [1m[35m (0.1ms)[0m  [1m[36mbegin transaction[0m
  ↳ app/controllers/railway_stations_controller.rb:30:in `block in create'
  [1m[36mRailwayStation Create (0.3ms)[0m  [1m[32mINSERT INTO "railway_stations" ("title", "created_at", "updated_at") VALUES (?, ?, ?)[0m  [["title", "Москва"], ["created_at", "2019-10-15 18:00:36.938166"], ["updated_at", "2019-10-15 18:00:36.938166"]]
  ↳ app/controllers/railway_stations_controller.rb:30:in `block in create'
  [1m[35m (163.2ms)[0m  [1m[36mcommit transaction[0m
  ↳ app/controllers/railway_stations_controller.rb:30:in `block in create'
Redirected to http://localhost:3000/railway_stations/1
Completed 302 Found in 172ms (ActiveRecord: 163.7ms | Allocations: 3704)


Started GET "/railway_stations/1" for ::1 at 2019-10-15 21:00:37 +0300
Processing by RailwayStationsController#show as HTML
  Parameters: {"id"=>"1"}
  [1m[36mRailwayStation Load (0.3ms)[0m  [1m[34mSELECT "railway_stations".* FROM "railway_stations" WHERE "railway_stations"."id" = ? LIMIT ?[0m  [["id", 1], ["LIMIT", 1]]
  ↳ app/controllers/railway_stations_controller.rb:67:in `set_railway_station'
  Rendering railway_stations/show.html.erb within layouts/application
  Rendered railway_stations/show.html.erb within layouts/application (Duration: 1.1ms | Allocations: 253)
Completed 200 OK in 14ms (Views: 9.7ms | ActiveRecord: 0.3ms | Allocations: 8675)


Started GET "/railway_stations" for ::1 at 2019-10-15 21:00:39 +0300
Processing by RailwayStationsController#index as HTML
  Rendering railway_stations/index.html.erb within layouts/application
  [1m[36mRailwayStation Load (0.1ms)[0m  [1m[34mSELECT "railway_stations".* FROM "railway_stations"[0m
  ↳ app/views/railway_stations/index.html.erb:14
  Rendered railway_stations/index.html.erb within layouts/application (Duration: 2.1ms | Allocations: 772)
Completed 200 OK in 13ms (Views: 12.3ms | ActiveRecord: 0.1ms | Allocations: 8110)


Started GET "/welcome/index" for ::1 at 2019-10-15 21:02:23 +0300
Processing by WelcomeController#index as HTML
  Rendering welcome/index.html.erb within layouts/application
  Rendered welcome/index.html.erb within layouts/application (Duration: 0.4ms | Allocations: 97)
Completed 200 OK in 11ms (Views: 9.9ms | ActiveRecord: 0.0ms | Allocations: 7434)


  [1m[35m (0.4ms)[0m  [1m[34mSELECT sqlite_version(*)[0m
  [1m[35m (0.1ms)[0m  [1m[34mSELECT "schema_migrations"."version" FROM "schema_migrations" ORDER BY "schema_migrations"."version" ASC[0m
Migrating to AddRailwayStationToTrains (20191015183000)
  [1m[35m (0.1ms)[0m  [1m[36mbegin transaction[0m
  [1m[36mprimary::SchemaMigration Create (0.3ms)[0m  [1m[32mINSERT INTO "schema_migrations" ("version") VALUES (?)[0m  [["version", "20191015183000"]]
  [1m[35m (88.2ms)[0m  [1m[36mcommit transaction[0m
  [1m[36mActiveRecord::InternalMetadata Load (0.5ms)[0m  [1m[34mSELECT "ar_internal_metadata".* FROM "ar_internal_metadata" WHERE "ar_internal_metadata"."key" = ? LIMIT ?[0m  [["key", "environment"], ["LIMIT", 1]]
  [1m[35m (0.1ms)[0m  [1m[34mSELECT sqlite_version(*)[0m
  [1m[35m (0.1ms)[0m  [1m[34mSELECT "schema_migrations"."version" FROM "schema_migrations" ORDER BY "schema_migrations"."version" ASC[0m
  [1m[35m (0.3ms)[0m  [1m[34mSELECT sqlite_version(*)[0m
  [1m[35m (0.1ms)[0m  [1m[34mSELECT "schema_migrations"."version" FROM "schema_migrations" ORDER BY "schema_migrations"."version" ASC[0m
  [1m[36mActiveRecord::InternalMetadata Load (0.2ms)[0m  [1m[34mSELECT "ar_internal_metadata".* FROM "ar_internal_metadata" WHERE "ar_internal_metadata"."key" = ? LIMIT ?[0m  [["key", "environment"], ["LIMIT", 1]]
  [1m[35m (0.1ms)[0m  [1m[34mSELECT sqlite_version(*)[0m
  [1m[35m (0.1ms)[0m  [1m[34mSELECT "schema_migrations"."version" FROM "schema_migrations" ORDER BY "schema_migrations"."version" ASC[0m
  [1m[35m (0.4ms)[0m  [1m[34mSELECT sqlite_version(*)[0m
  [1m[36mRailwayStation Load (0.2ms)[0m  [1m[34mSELECT "railway_stations".* FROM "railway_stations" LIMIT ?[0m  [["LIMIT", 11]]
  [1m[35m (0.2ms)[0m  [1m[36mbegin transaction[0m
  [1m[36mRailwayStation Create (0.9ms)[0m  [1m[32mINSERT INTO "railway_stations" ("title", "created_at", "updated_at") VALUES (?, ?, ?)[0m  [["title", "Мурманск"], ["created_at", "2019-10-15 18:42:24.663960"], ["updated_at", "2019-10-15 18:42:24.663960"]]
  [1m[35m (93.8ms)[0m  [1m[36mcommit transaction[0m
  [1m[35m (0.2ms)[0m  [1m[36mbegin transaction[0m
  [1m[36mRailwayStation Create (0.7ms)[0m  [1m[32mINSERT INTO "railway_stations" ("title", "created_at", "updated_at") VALUES (?, ?, ?)[0m  [["title", "Мурманск"], ["created_at", "2019-10-15 18:48:56.555324"], ["updated_at", "2019-10-15 18:48:56.555324"]]
  [1m[35m (98.9ms)[0m  [1m[36mcommit transaction[0m
Started GET "/railway_stations" for ::1 at 2019-10-15 21:49:47 +0300
  [1m[35m (0.1ms)[0m  [1m[34mSELECT sqlite_version(*)[0m
  [1m[35m (0.2ms)[0m  [1m[34mSELECT "schema_migrations"."version" FROM "schema_migrations" ORDER BY "schema_migrations"."version" ASC[0m
Processing by RailwayStationsController#index as HTML
  Rendering railway_stations/index.html.erb within layouts/application
  [1m[36mRailwayStation Load (0.2ms)[0m  [1m[34mSELECT "railway_stations".* FROM "railway_stations"[0m
  ↳ app/views/railway_stations/index.html.erb:14
  Rendered railway_stations/index.html.erb within layouts/application (Duration: 6.3ms | Allocations: 3381)
Completed 200 OK in 17ms (Views: 14.4ms | ActiveRecord: 0.2ms | Allocations: 12000)


Started DELETE "/railway_stations/3" for ::1 at 2019-10-15 21:49:53 +0300
Processing by RailwayStationsController#destroy as HTML
  Parameters: {"authenticity_token"=>"l9jweFn4BLmcVeyWnLZnwgRu9OXltkgEovMvfmsoq0feujwyf0kuUE7ROgJLDhKpT3j1T+Y9GnCAS6Li8x/gKA==", "id"=>"3"}
  [1m[36mRailwayStation Load (0.2ms)[0m  [1m[34mSELECT "railway_stations".* FROM "railway_stations" WHERE "railway_stations"."id" = ? LIMIT ?[0m  [["id", 3], ["LIMIT", 1]]
  ↳ app/controllers/railway_stations_controller.rb:67:in `set_railway_station'
  [1m[35m (0.1ms)[0m  [1m[36mbegin transaction[0m
  ↳ app/controllers/railway_stations_controller.rb:57:in `destroy'
  [1m[36mRailwayStation Destroy (0.3ms)[0m  [1m[31mDELETE FROM "railway_stations" WHERE "railway_stations"."id" = ?[0m  [["id", 3]]
  ↳ app/controllers/railway_stations_controller.rb:57:in `destroy'
  [1m[35m (114.1ms)[0m  [1m[36mcommit transaction[0m
  ↳ app/controllers/railway_stations_controller.rb:57:in `destroy'
Redirected to http://localhost:3000/railway_stations
Completed 302 Found in 124ms (ActiveRecord: 114.7ms | Allocations: 3651)


Started GET "/railway_stations" for ::1 at 2019-10-15 21:49:53 +0300
Processing by RailwayStationsController#index as HTML
  Rendering railway_stations/index.html.erb within layouts/application
  [1m[36mRailwayStation Load (0.2ms)[0m  [1m[34mSELECT "railway_stations".* FROM "railway_stations"[0m
  ↳ app/views/railway_stations/index.html.erb:14
  Rendered railway_stations/index.html.erb within layouts/application (Duration: 2.3ms | Allocations: 886)
Completed 200 OK in 15ms (Views: 13.6ms | ActiveRecord: 0.2ms | Allocations: 8245)


Started GET "/railway_stations" for ::1 at 2019-10-15 21:53:50 +0300
Processing by RailwayStationsController#index as HTML
  Rendering railway_stations/index.html.erb within layouts/application
  [1m[36mRailwayStation Load (0.2ms)[0m  [1m[34mSELECT "railway_stations".* FROM "railway_stations"[0m
  ↳ app/views/railway_stations/index.html.erb:14
  Rendered railway_stations/index.html.erb within layouts/application (Duration: 2.0ms | Allocations: 885)
Completed 200 OK in 13ms (Views: 11.3ms | ActiveRecord: 0.2ms | Allocations: 8227)


Started GET "/welcome/index" for ::1 at 2019-10-15 21:53:52 +0300
Processing by WelcomeController#index as HTML
  Rendering welcome/index.html.erb within layouts/application
  Rendered welcome/index.html.erb within layouts/application (Duration: 0.5ms | Allocations: 98)
Completed 200 OK in 11ms (Views: 9.8ms | ActiveRecord: 0.0ms | Allocations: 7536)


Started GET "/trains" for ::1 at 2019-10-15 21:53:53 +0300
Processing by TrainsController#index as HTML
  Rendering trains/index.html.erb within layouts/application
  [1m[36mTrain Load (0.3ms)[0m  [1m[34mSELECT "trains".* FROM "trains"[0m
  ↳ app/views/trains/index.html.erb:14
  Rendered trains/index.html.erb within layouts/application (Duration: 3.1ms | Allocations: 907)
Completed 200 OK in 15ms (Views: 12.2ms | ActiveRecord: 0.3ms | Allocations: 9165)


Started GET "/welcome/index" for ::1 at 2019-10-15 21:53:55 +0300
Processing by WelcomeController#index as HTML
  Rendering welcome/index.html.erb within layouts/application
  Rendered welcome/index.html.erb within layouts/application (Duration: 0.2ms | Allocations: 90)
Completed 200 OK in 10ms (Views: 9.8ms | ActiveRecord: 0.0ms | Allocations: 7419)


Started GET "/routes" for ::1 at 2019-10-15 21:53:56 +0300
Processing by RoutesController#index as HTML
  Rendering routes/index.html.erb within layouts/application
  [1m[36mRoute Load (0.3ms)[0m  [1m[34mSELECT "routes".* FROM "routes"[0m
  ↳ app/views/routes/index.html.erb:14
  Rendered routes/index.html.erb within layouts/application (Duration: 2.1ms | Allocations: 740)
Completed 200 OK in 14ms (Views: 11.8ms | ActiveRecord: 0.3ms | Allocations: 8498)


Started GET "/welcome/index" for ::1 at 2019-10-15 21:53:57 +0300
Processing by WelcomeController#index as HTML
  Rendering welcome/index.html.erb within layouts/application
  Rendered welcome/index.html.erb within layouts/application (Duration: 0.4ms | Allocations: 90)
Completed 200 OK in 17ms (Views: 15.9ms | ActiveRecord: 0.0ms | Allocations: 7421)


Started GET "/railway_stations" for ::1 at 2019-10-15 21:53:58 +0300
Processing by RailwayStationsController#index as HTML
  Rendering railway_stations/index.html.erb within layouts/application
  [1m[36mRailwayStation Load (0.2ms)[0m  [1m[34mSELECT "railway_stations".* FROM "railway_stations"[0m
  ↳ app/views/railway_stations/index.html.erb:14
  Rendered railway_stations/index.html.erb within layouts/application (Duration: 2.0ms | Allocations: 897)
Completed 200 OK in 14ms (Views: 12.8ms | ActiveRecord: 0.2ms | Allocations: 8231)


Started GET "/welcome/index" for ::1 at 2019-10-15 21:57:10 +0300
Processing by WelcomeController#index as HTML
  Rendering welcome/index.html.erb within layouts/application
  Rendered welcome/index.html.erb within layouts/application (Duration: 0.3ms | Allocations: 90)
Completed 200 OK in 11ms (Views: 10.8ms | ActiveRecord: 0.0ms | Allocations: 7419)


Started GET "/trains" for ::1 at 2019-10-15 21:57:11 +0300
Processing by TrainsController#index as HTML
  Rendering trains/index.html.erb within layouts/application
  [1m[36mTrain Load (0.1ms)[0m  [1m[34mSELECT "trains".* FROM "trains"[0m
  ↳ app/views/trains/index.html.erb:14
  Rendered trains/index.html.erb within layouts/application (Duration: 1.4ms | Allocations: 648)
Completed 200 OK in 12ms (Views: 10.8ms | ActiveRecord: 0.1ms | Allocations: 7988)


Started GET "/trains/new" for ::1 at 2019-10-15 21:57:12 +0300
Processing by TrainsController#new as HTML
  Rendering trains/new.html.erb within layouts/application
  Rendered trains/_form.html.erb (Duration: 2.1ms | Allocations: 915)
  Rendered trains/new.html.erb within layouts/application (Duration: 3.0ms | Allocations: 1257)
Completed 200 OK in 19ms (Views: 12.0ms | ActiveRecord: 0.4ms | Allocations: 10952)


Started POST "/trains" for ::1 at 2019-10-15 21:57:16 +0300
Processing by TrainsController#create as HTML
  Parameters: {"authenticity_token"=>"IuMdfz0bkwZHvtSkMQ2PdDuGKuEt+UkK1PLcIbhvzopHx5Z2fLNhO04sAofKaw9JW/dJXW1kALzEck5RrV/QqQ==", "train"=>{"number"=>"34"}, "commit"=>"Create Train"}
  Rendering trains/new.html.erb within layouts/application
  Rendered trains/_form.html.erb (Duration: 1.5ms | Allocations: 694)
  Rendered trains/new.html.erb within layouts/application (Duration: 1.8ms | Allocations: 779)
Completed 200 OK in 26ms (Views: 10.6ms | ActiveRecord: 0.0ms | Allocations: 12310)


Started GET "/trains" for ::1 at 2019-10-15 21:57:45 +0300
Processing by TrainsController#index as HTML
  Rendering trains/index.html.erb within layouts/application
  [1m[36mTrain Load (0.1ms)[0m  [1m[34mSELECT "trains".* FROM "trains"[0m
  ↳ app/views/trains/index.html.erb:14
  Rendered trains/index.html.erb within layouts/application (Duration: 1.7ms | Allocations: 651)
Completed 200 OK in 11ms (Views: 10.3ms | ActiveRecord: 0.1ms | Allocations: 7988)


Started GET "/welcome/index" for ::1 at 2019-10-15 21:57:47 +0300
Processing by WelcomeController#index as HTML
  Rendering welcome/index.html.erb within layouts/application
  Rendered welcome/index.html.erb within layouts/application (Duration: 0.3ms | Allocations: 97)
Completed 200 OK in 13ms (Views: 11.5ms | ActiveRecord: 0.0ms | Allocations: 7428)


Started GET "/railway_stations" for ::1 at 2019-10-15 21:57:49 +0300
Processing by RailwayStationsController#index as HTML
  Rendering railway_stations/index.html.erb within layouts/application
  [1m[36mRailwayStation Load (0.1ms)[0m  [1m[34mSELECT "railway_stations".* FROM "railway_stations"[0m
  ↳ app/views/railway_stations/index.html.erb:14
  Rendered railway_stations/index.html.erb within layouts/application (Duration: 1.9ms | Allocations: 894)
Completed 200 OK in 35ms (Views: 33.6ms | ActiveRecord: 0.1ms | Allocations: 8239)


Started GET "/welcome/index" for ::1 at 2019-10-15 21:57:51 +0300
Processing by WelcomeController#index as HTML
  Rendering welcome/index.html.erb within layouts/application
  Rendered welcome/index.html.erb within layouts/application (Duration: 0.3ms | Allocations: 90)
Completed 200 OK in 11ms (Views: 9.9ms | ActiveRecord: 0.0ms | Allocations: 7418)


  [1m[36mRailwayStation Load (0.3ms)[0m  [1m[34mSELECT "railway_stations".* FROM "railway_stations" WHERE "railway_stations"."id" = ? LIMIT ?[0m  [["id", 0], ["LIMIT", 1]]
  [1m[36mRailwayStation Load (0.3ms)[0m  [1m[34mSELECT "railway_stations".* FROM "railway_stations" WHERE "railway_stations"."id" = ? LIMIT ?[0m  [["id", 1], ["LIMIT", 1]]
  [1m[35m (0.3ms)[0m  [1m[34mSELECT sqlite_version(*)[0m
  [1m[35m (0.1ms)[0m  [1m[34mSELECT "schema_migrations"."version" FROM "schema_migrations" ORDER BY "schema_migrations"."version" ASC[0m
  [1m[36mActiveRecord::InternalMetadata Load (0.2ms)[0m  [1m[34mSELECT "ar_internal_metadata".* FROM "ar_internal_metadata" WHERE "ar_internal_metadata"."key" = ? LIMIT ?[0m  [["key", "environment"], ["LIMIT", 1]]
  [1m[35m (0.1ms)[0m  [1m[34mSELECT sqlite_version(*)[0m
  [1m[35m (0.1ms)[0m  [1m[34mSELECT "schema_migrations"."version" FROM "schema_migrations" ORDER BY "schema_migrations"."version" ASC[0m
  [1m[35m (0.4ms)[0m  [1m[34mSELECT sqlite_version(*)[0m
  [1m[35m (0.1ms)[0m  [1m[34mSELECT "schema_migrations"."version" FROM "schema_migrations" ORDER BY "schema_migrations"."version" ASC[0m
  [1m[36mActiveRecord::InternalMetadata Load (0.2ms)[0m  [1m[34mSELECT "ar_internal_metadata".* FROM "ar_internal_metadata" WHERE "ar_internal_metadata"."key" = ? LIMIT ?[0m  [["key", "environment"], ["LIMIT", 1]]
  [1m[35m (0.1ms)[0m  [1m[34mSELECT sqlite_version(*)[0m
  [1m[35m (0.1ms)[0m  [1m[34mSELECT "schema_migrations"."version" FROM "schema_migrations" ORDER BY "schema_migrations"."version" ASC[0m
  [1m[35m (0.3ms)[0m  [1m[34mSELECT sqlite_version(*)[0m
  [1m[35m (0.1ms)[0m  [1m[34mSELECT "schema_migrations"."version" FROM "schema_migrations" ORDER BY "schema_migrations"."version" ASC[0m
  [1m[36mActiveRecord::InternalMetadata Load (0.2ms)[0m  [1m[34mSELECT "ar_internal_metadata".* FROM "ar_internal_metadata" WHERE "ar_internal_metadata"."key" = ? LIMIT ?[0m  [["key", "environment"], ["LIMIT", 1]]
  [1m[35m (0.1ms)[0m  [1m[34mSELECT sqlite_version(*)[0m
  [1m[35m (0.1ms)[0m  [1m[34mSELECT "schema_migrations"."version" FROM "schema_migrations" ORDER BY "schema_migrations"."version" ASC[0m
  [1m[35m (0.4ms)[0m  [1m[34mSELECT sqlite_version(*)[0m
  [1m[35m (0.3ms)[0m  [1m[34mSELECT sqlite_version(*)[0m
  [1m[35m (0.1ms)[0m  [1m[34mSELECT "schema_migrations"."version" FROM "schema_migrations" ORDER BY "schema_migrations"."version" ASC[0m
  [1m[36mActiveRecord::InternalMetadata Load (0.2ms)[0m  [1m[34mSELECT "ar_internal_metadata".* FROM "ar_internal_metadata" WHERE "ar_internal_metadata"."key" = ? LIMIT ?[0m  [["key", "environment"], ["LIMIT", 1]]
  [1m[35m (0.1ms)[0m  [1m[34mSELECT sqlite_version(*)[0m
  [1m[35m (0.1ms)[0m  [1m[34mSELECT "schema_migrations"."version" FROM "schema_migrations" ORDER BY "schema_migrations"."version" ASC[0m
  [1m[35m (0.4ms)[0m  [1m[34mSELECT sqlite_version(*)[0m
  [1m[35m (0.2ms)[0m  [1m[34mSELECT "schema_migrations"."version" FROM "schema_migrations" ORDER BY "schema_migrations"."version" ASC[0m
  [1m[35m (0.1ms)[0m  [1m[34mSELECT "schema_migrations"."version" FROM "schema_migrations" ORDER BY "schema_migrations"."version" ASC[0m
  [1m[35m (0.1ms)[0m  [1m[34mSELECT "schema_migrations"."version" FROM "schema_migrations" ORDER BY "schema_migrations"."version" ASC[0m
  [1m[35m (0.1ms)[0m  [1m[34mSELECT "schema_migrations"."version" FROM "schema_migrations" ORDER BY "schema_migrations"."version" ASC[0m
Migrating to AddRailwayStationToTrains (20191015183000)
  [1m[35m (0.1ms)[0m  [1m[36mbegin transaction[0m
  [1m[35m (0.1ms)[0m  [1m[35mPRAGMA foreign_keys[0m
  [1m[35m (0.0ms)[0m  [1m[35mPRAGMA defer_foreign_keys[0m
  [1m[35m (0.1ms)[0m  [1m[35mPRAGMA defer_foreign_keys = ON[0m
  [1m[35m (0.0ms)[0m  [1m[35mPRAGMA foreign_keys = OFF[0m
  [1m[35m (0.2ms)[0m  [1m[35mCREATE TEMPORARY TABLE "atrains" ("id" integer NOT NULL PRIMARY KEY, "number" varchar DEFAULT NULL, "created_at" datetime(6) NOT NULL, "updated_at" datetime(6) NOT NULL)[0m
  [1m[35m (0.1ms)[0m  [1m[32mINSERT INTO "atrains" ("id","number","created_at","updated_at")
                     SELECT "id","number","created_at","updated_at" FROM "trains"[0m
  [1m[35m (0.2ms)[0m  [1m[35mDROP TABLE "trains"[0m
  [1m[35m (0.2ms)[0m  [1m[35mCREATE TABLE "trains" ("id" integer NOT NULL PRIMARY KEY, "number" varchar DEFAULT NULL, "created_at" datetime(6) NOT NULL, "updated_at" datetime(6) NOT NULL)[0m
  [1m[35m (0.1ms)[0m  [1m[32mINSERT INTO "trains" ("id","number","created_at","updated_at")
                     SELECT "id","number","created_at","updated_at" FROM "atrains"[0m
  [1m[35m (0.1ms)[0m  [1m[35mDROP TABLE "atrains"[0m
  [1m[35m (0.0ms)[0m  [1m[35mPRAGMA defer_foreign_keys = 0[0m
  [1m[35m (0.0ms)[0m  [1m[35mPRAGMA foreign_keys = 1[0m
  [1m[36mprimary::SchemaMigration Destroy (0.2ms)[0m  [1m[31mDELETE FROM "schema_migrations" WHERE "schema_migrations"."version" = ?[0m  [["version", "20191015183000"]]
  [1m[35m (85.1ms)[0m  [1m[36mcommit transaction[0m
  [1m[35m (0.2ms)[0m  [1m[34mSELECT sqlite_version(*)[0m
  [1m[35m (0.4ms)[0m  [1m[34mSELECT "schema_migrations"."version" FROM "schema_migrations" ORDER BY "schema_migrations"."version" ASC[0m
  [1m[35m (0.3ms)[0m  [1m[34mSELECT sqlite_version(*)[0m
  [1m[35m (0.2ms)[0m  [1m[34mSELECT "schema_migrations"."version" FROM "schema_migrations" ORDER BY "schema_migrations"."version" ASC[0m
Migrating to AddRailwayStationToTrains (20191015183000)
  [1m[35m (0.1ms)[0m  [1m[36mbegin transaction[0m
  [1m[35m (0.4ms)[0m  [1m[35mALTER TABLE "trains" ADD "railway_station_id" integer[0m
  [1m[35m (0.1ms)[0m  [1m[35mCREATE  INDEX "index_trains_on_railway_station_id" ON "trains" ("railway_station_id")[0m
  [1m[36mprimary::SchemaMigration Create (0.1ms)[0m  [1m[32mINSERT INTO "schema_migrations" ("version") VALUES (?)[0m  [["version", "20191015183000"]]
  [1m[35m (131.7ms)[0m  [1m[36mcommit transaction[0m
  [1m[36mActiveRecord::InternalMetadata Load (0.5ms)[0m  [1m[34mSELECT "ar_internal_metadata".* FROM "ar_internal_metadata" WHERE "ar_internal_metadata"."key" = ? LIMIT ?[0m  [["key", "environment"], ["LIMIT", 1]]
  [1m[35m (0.1ms)[0m  [1m[34mSELECT sqlite_version(*)[0m
  [1m[35m (0.1ms)[0m  [1m[34mSELECT "schema_migrations"."version" FROM "schema_migrations" ORDER BY "schema_migrations"."version" ASC[0m
  [1m[35m (0.4ms)[0m  [1m[34mSELECT sqlite_version(*)[0m
  [1m[35m (0.1ms)[0m  [1m[36mbegin transaction[0m
  [1m[36mRailwayStation Create (0.5ms)[0m  [1m[32mINSERT INTO "railway_stations" ("title", "created_at", "updated_at") VALUES (?, ?, ?)[0m  [["title", "Норильск"], ["created_at", "2019-10-15 19:12:41.277350"], ["updated_at", "2019-10-15 19:12:41.277350"]]
  [1m[35m (95.4ms)[0m  [1m[36mcommit transaction[0m
  [1m[36mRailwayStation Load (0.3ms)[0m  [1m[34mSELECT "railway_stations".* FROM "railway_stations" WHERE "railway_stations"."id" = ? LIMIT ?[0m  [["id", 4], ["LIMIT", 1]]
  [1m[35m (0.2ms)[0m  [1m[36mbegin transaction[0m
  [1m[36mTrain Create (0.8ms)[0m  [1m[32mINSERT INTO "trains" ("number", "created_at", "updated_at", "railway_station_id") VALUES (?, ?, ?, ?)[0m  [["number", "666"], ["created_at", "2019-10-15 19:15:02.147980"], ["updated_at", "2019-10-15 19:15:02.147980"], ["railway_station_id", 4]]
  [1m[35m (102.2ms)[0m  [1m[36mcommit transaction[0m
Started GET "/welcome/index" for ::1 at 2019-10-15 22:15:27 +0300
  [1m[35m (0.4ms)[0m  [1m[34mSELECT sqlite_version(*)[0m
  [1m[35m (0.1ms)[0m  [1m[34mSELECT "schema_migrations"."version" FROM "schema_migrations" ORDER BY "schema_migrations"."version" ASC[0m
Processing by WelcomeController#index as HTML
  Rendering welcome/index.html.erb within layouts/application
  Rendered welcome/index.html.erb within layouts/application (Duration: 1.8ms | Allocations: 504)
Completed 200 OK in 1146ms (Views: 1139.2ms | ActiveRecord: 0.0ms | Allocations: 1259135)


Started GET "/railway_stations" for ::1 at 2019-10-15 22:15:31 +0300
Processing by RailwayStationsController#index as HTML
  Rendering railway_stations/index.html.erb within layouts/application
  [1m[36mRailwayStation Load (0.2ms)[0m  [1m[34mSELECT "railway_stations".* FROM "railway_stations"[0m
  ↳ app/views/railway_stations/index.html.erb:14
  Rendered railway_stations/index.html.erb within layouts/application (Duration: 9.2ms | Allocations: 4196)
Completed 200 OK in 25ms (Views: 20.2ms | ActiveRecord: 1.0ms | Allocations: 13296)


Started GET "/welcome/index" for ::1 at 2019-10-15 22:15:38 +0300
Processing by WelcomeController#index as HTML
  Rendering welcome/index.html.erb within layouts/application
  Rendered welcome/index.html.erb within layouts/application (Duration: 0.4ms | Allocations: 98)
Completed 200 OK in 13ms (Views: 12.4ms | ActiveRecord: 0.0ms | Allocations: 7430)


Started GET "/trains" for ::1 at 2019-10-15 22:15:39 +0300
Processing by TrainsController#index as HTML
  Rendering trains/index.html.erb within layouts/application
  [1m[36mTrain Load (0.2ms)[0m  [1m[34mSELECT "trains".* FROM "trains"[0m
  ↳ app/views/trains/index.html.erb:14
  Rendered trains/index.html.erb within layouts/application (Duration: 8.7ms | Allocations: 4196)
Completed 200 OK in 24ms (Views: 19.1ms | ActiveRecord: 0.9ms | Allocations: 12876)


Started GET "/welcome/index" for ::1 at 2019-10-15 22:16:19 +0300
Processing by WelcomeController#index as HTML
  Rendering welcome/index.html.erb within layouts/application
  Rendered welcome/index.html.erb within layouts/application (Duration: 0.3ms | Allocations: 98)
Completed 200 OK in 11ms (Views: 10.1ms | ActiveRecord: 0.0ms | Allocations: 7431)


  [1m[36mTrain Load (0.2ms)[0m  [1m[34mSELECT "trains".* FROM "trains" WHERE "trains"."railway_station_id" = ? LIMIT ?[0m  [["railway_station_id", 4], ["LIMIT", 11]]
Started GET "/trains" for ::1 at 2019-10-15 22:20:04 +0300
Processing by TrainsController#index as HTML
  Rendering trains/index.html.erb within layouts/application
  [1m[36mTrain Load (0.1ms)[0m  [1m[34mSELECT "trains".* FROM "trains"[0m
  ↳ app/views/trains/index.html.erb:14
  Rendered trains/index.html.erb within layouts/application (Duration: 1.7ms | Allocations: 771)
Completed 200 OK in 15ms (Views: 13.6ms | ActiveRecord: 0.1ms | Allocations: 8114)


Started GET "/trains/new" for ::1 at 2019-10-15 22:20:05 +0300
Processing by TrainsController#new as HTML
  Rendering trains/new.html.erb within layouts/application
  Rendered trains/_form.html.erb (Duration: 13.9ms | Allocations: 4639)
  Rendered trains/new.html.erb within layouts/application (Duration: 14.9ms | Allocations: 4990)
Completed 200 OK in 24ms (Views: 22.8ms | ActiveRecord: 0.0ms | Allocations: 12405)


Started POST "/trains" for ::1 at 2019-10-15 22:20:12 +0300
Processing by TrainsController#create as HTML
  Parameters: {"authenticity_token"=>"YhLuaDU8Tkw7ZNtXZ3/t3j6mMmbusVrNZ+5eJC0hj3kHNmVhdJS8cTL2DXScGW3jXtdR2q4sE3t3bsxUOBGRWg==", "train"=>{"number"=>"123"}, "commit"=>"Create Train"}
  Rendering trains/new.html.erb within layouts/application
  Rendered trains/_form.html.erb (Duration: 1.7ms | Allocations: 697)
  Rendered trains/new.html.erb within layouts/application (Duration: 2.1ms | Allocations: 782)
Completed 200 OK in 19ms (Views: 11.0ms | ActiveRecord: 0.0ms | Allocations: 10305)


  [1m[35m (0.2ms)[0m  [1m[36mbegin transaction[0m
  [1m[36mTrain Create (0.8ms)[0m  [1m[32mINSERT INTO "trains" ("number", "created_at", "updated_at", "railway_station_id") VALUES (?, ?, ?, ?)[0m  [["number", "123"], ["created_at", "2019-10-15 19:21:54.282683"], ["updated_at", "2019-10-15 19:21:54.282683"], ["railway_station_id", 4]]
  [1m[35m (102.2ms)[0m  [1m[36mcommit transaction[0m
  [1m[36mTrain Load (0.3ms)[0m  [1m[34mSELECT "trains".* FROM "trains" WHERE "trains"."railway_station_id" = ? LIMIT ?[0m  [["railway_station_id", 4], ["LIMIT", 11]]
  [1m[36mTrain Load (0.4ms)[0m  [1m[34mSELECT "trains".* FROM "trains" WHERE "trains"."railway_station_id" = ? LIMIT ?[0m  [["railway_station_id", 4], ["LIMIT", 11]]
  [1m[35m (0.2ms)[0m  [1m[36mbegin transaction[0m
  [1m[36mTrain Create (0.8ms)[0m  [1m[32mINSERT INTO "trains" ("number", "created_at", "updated_at", "railway_station_id") VALUES (?, ?, ?, ?)[0m  [["number", "75"], ["created_at", "2019-10-15 19:25:57.364658"], ["updated_at", "2019-10-15 19:25:57.364658"], ["railway_station_id", 4]]
  [1m[35m (95.7ms)[0m  [1m[36mcommit transaction[0m
  [1m[36mTrain Load (0.4ms)[0m  [1m[34mSELECT "trains".* FROM "trains" WHERE "trains"."railway_station_id" = ? LIMIT ?[0m  [["railway_station_id", 4], ["LIMIT", 11]]
Started GET "/trains" for ::1 at 2019-10-15 22:29:40 +0300
  [1m[35m (0.1ms)[0m  [1m[34mSELECT sqlite_version(*)[0m
Processing by TrainsController#index as HTML
  Rendering trains/index.html.erb within layouts/application
  [1m[36mTrain Load (0.3ms)[0m  [1m[34mSELECT "trains".* FROM "trains"[0m
  ↳ app/views/trains/index.html.erb:14
  Rendered trains/index.html.erb within layouts/application (Duration: 2.7ms | Allocations: 1023)
Completed 200 OK in 12ms (Views: 10.8ms | ActiveRecord: 0.3ms | Allocations: 8360)


  [1m[35m (0.4ms)[0m  [1m[34mSELECT sqlite_version(*)[0m
  [1m[35m (0.1ms)[0m  [1m[34mSELECT "schema_migrations"."version" FROM "schema_migrations" ORDER BY "schema_migrations"."version" ASC[0m
  [1m[36mActiveRecord::InternalMetadata Load (0.2ms)[0m  [1m[34mSELECT "ar_internal_metadata".* FROM "ar_internal_metadata" WHERE "ar_internal_metadata"."key" = ? LIMIT ?[0m  [["key", "environment"], ["LIMIT", 1]]
  [1m[35m (0.1ms)[0m  [1m[34mSELECT sqlite_version(*)[0m
  [1m[35m (0.2ms)[0m  [1m[34mSELECT "schema_migrations"."version" FROM "schema_migrations" ORDER BY "schema_migrations"."version" ASC[0m
  [1m[35m (0.4ms)[0m  [1m[34mSELECT sqlite_version(*)[0m
  [1m[35m (0.2ms)[0m  [1m[34mSELECT "schema_migrations"."version" FROM "schema_migrations" ORDER BY "schema_migrations"."version" ASC[0m
  [1m[35m (0.1ms)[0m  [1m[34mSELECT "schema_migrations"."version" FROM "schema_migrations" ORDER BY "schema_migrations"."version" ASC[0m
  [1m[35m (0.1ms)[0m  [1m[34mSELECT "schema_migrations"."version" FROM "schema_migrations" ORDER BY "schema_migrations"."version" ASC[0m
  [1m[35m (0.1ms)[0m  [1m[34mSELECT "schema_migrations"."version" FROM "schema_migrations" ORDER BY "schema_migrations"."version" ASC[0m
Migrating to AddRailwayStationToTrains (20191015183000)
  [1m[35m (0.1ms)[0m  [1m[36mbegin transaction[0m
  [1m[35m (0.1ms)[0m  [1m[35mPRAGMA foreign_keys[0m
  [1m[35m (0.1ms)[0m  [1m[35mPRAGMA defer_foreign_keys[0m
  [1m[35m (0.1ms)[0m  [1m[35mPRAGMA defer_foreign_keys = ON[0m
  [1m[35m (0.1ms)[0m  [1m[35mPRAGMA foreign_keys = OFF[0m
  [1m[35m (0.2ms)[0m  [1m[35mCREATE TEMPORARY TABLE "atrains" ("id" integer NOT NULL PRIMARY KEY, "number" varchar DEFAULT NULL, "created_at" datetime(6) NOT NULL, "updated_at" datetime(6) NOT NULL, "railway_station_id" integer DEFAULT NULL)[0m
  [1m[35m (0.1ms)[0m  [1m[35mCREATE  INDEX "tindex_atrains_on_railway_station_id" ON "atrains" ("railway_station_id")[0m
  [1m[35m (0.1ms)[0m  [1m[32mINSERT INTO "atrains" ("id","number","created_at","updated_at","railway_station_id")
                     SELECT "id","number","created_at","updated_at","railway_station_id" FROM "trains"[0m
  [1m[35m (0.5ms)[0m  [1m[35mDROP TABLE "trains"[0m
  [1m[35m (0.3ms)[0m  [1m[35mCREATE TABLE "trains" ("id" integer NOT NULL PRIMARY KEY, "number" varchar DEFAULT NULL, "created_at" datetime(6) NOT NULL, "updated_at" datetime(6) NOT NULL)[0m
  [1m[35m (0.1ms)[0m  [1m[32mINSERT INTO "trains" ("id","number","created_at","updated_at")
                     SELECT "id","number","created_at","updated_at" FROM "atrains"[0m
  [1m[35m (0.2ms)[0m  [1m[35mDROP TABLE "atrains"[0m
  [1m[35m (0.1ms)[0m  [1m[35mPRAGMA defer_foreign_keys = 0[0m
  [1m[35m (0.1ms)[0m  [1m[35mPRAGMA foreign_keys = 1[0m
  [1m[36mprimary::SchemaMigration Destroy (0.5ms)[0m  [1m[31mDELETE FROM "schema_migrations" WHERE "schema_migrations"."version" = ?[0m  [["version", "20191015183000"]]
  [1m[35m (109.1ms)[0m  [1m[36mcommit transaction[0m
  [1m[35m (0.2ms)[0m  [1m[34mSELECT sqlite_version(*)[0m
  [1m[35m (0.3ms)[0m  [1m[34mSELECT "schema_migrations"."version" FROM "schema_migrations" ORDER BY "schema_migrations"."version" ASC[0m
Started GET "/trains" for ::1 at 2019-10-15 22:30:14 +0300
  [1m[35m (0.1ms)[0m  [1m[34mSELECT sqlite_version(*)[0m
Processing by TrainsController#index as HTML
  Rendering trains/index.html.erb within layouts/application
  [1m[36mTrain Load (0.3ms)[0m  [1m[34mSELECT "trains".* FROM "trains"[0m
  ↳ app/views/trains/index.html.erb:14
  Rendered trains/index.html.erb within layouts/application (Duration: 7.7ms | Allocations: 3709)
Completed 200 OK in 21ms (Views: 16.9ms | ActiveRecord: 1.0ms | Allocations: 11774)


Started GET "/trains/3" for ::1 at 2019-10-15 22:30:18 +0300
Processing by TrainsController#show as HTML
  Parameters: {"id"=>"3"}
  [1m[36mTrain Load (0.2ms)[0m  [1m[34mSELECT "trains".* FROM "trains" WHERE "trains"."id" = ? LIMIT ?[0m  [["id", 3], ["LIMIT", 1]]
  ↳ app/controllers/trains_controller.rb:67:in `set_train'
  Rendering trains/show.html.erb within layouts/application
  Rendered trains/show.html.erb within layouts/application (Duration: 0.9ms | Allocations: 254)
Completed 200 OK in 42ms (Views: 13.2ms | ActiveRecord: 0.2ms | Allocations: 8681)


Started GET "/trains" for ::1 at 2019-10-15 22:30:20 +0300
Processing by TrainsController#index as HTML
  Rendering trains/index.html.erb within layouts/application
  [1m[36mTrain Load (0.2ms)[0m  [1m[34mSELECT "trains".* FROM "trains"[0m
  ↳ app/views/trains/index.html.erb:14
  Rendered trains/index.html.erb within layouts/application (Duration: 2.6ms | Allocations: 1017)
Completed 200 OK in 12ms (Views: 11.2ms | ActiveRecord: 0.2ms | Allocations: 8352)


Started GET "/welcome/index" for ::1 at 2019-10-15 22:30:21 +0300
Processing by WelcomeController#index as HTML
  Rendering welcome/index.html.erb within layouts/application
  Rendered welcome/index.html.erb within layouts/application (Duration: 0.3ms | Allocations: 98)
Completed 200 OK in 13ms (Views: 12.4ms | ActiveRecord: 0.0ms | Allocations: 7582)


Started GET "/railway_stations" for ::1 at 2019-10-15 22:30:22 +0300
Processing by RailwayStationsController#index as HTML
  Rendering railway_stations/index.html.erb within layouts/application
  [1m[36mRailwayStation Load (0.2ms)[0m  [1m[34mSELECT "railway_stations".* FROM "railway_stations"[0m
  ↳ app/views/railway_stations/index.html.erb:14
  Rendered railway_stations/index.html.erb within layouts/application (Duration: 7.5ms | Allocations: 3727)
Completed 200 OK in 19ms (Views: 16.3ms | ActiveRecord: 0.7ms | Allocations: 11969)


  [1m[35m (0.4ms)[0m  [1m[34mSELECT sqlite_version(*)[0m
  [1m[35m (0.1ms)[0m  [1m[34mSELECT "schema_migrations"."version" FROM "schema_migrations" ORDER BY "schema_migrations"."version" ASC[0m
Migrating to AddRailwayStationToTrains (20191015183000)
  [1m[35m (0.1ms)[0m  [1m[36mbegin transaction[0m
  [1m[35m (0.5ms)[0m  [1m[35mALTER TABLE "trains" ADD "current_station_id" integer[0m
  [1m[35m (0.3ms)[0m  [1m[35mCREATE  INDEX "index_trains_on_current_station_id" ON "trains" ("current_station_id")[0m
  [1m[36mprimary::SchemaMigration Create (0.2ms)[0m  [1m[32mINSERT INTO "schema_migrations" ("version") VALUES (?)[0m  [["version", "20191015183000"]]
  [1m[35m (98.1ms)[0m  [1m[36mcommit transaction[0m
  [1m[36mActiveRecord::InternalMetadata Load (0.2ms)[0m  [1m[34mSELECT "ar_internal_metadata".* FROM "ar_internal_metadata" WHERE "ar_internal_metadata"."key" = ? LIMIT ?[0m  [["key", "environment"], ["LIMIT", 1]]
  [1m[35m (0.1ms)[0m  [1m[34mSELECT sqlite_version(*)[0m
  [1m[35m (0.1ms)[0m  [1m[34mSELECT "schema_migrations"."version" FROM "schema_migrations" ORDER BY "schema_migrations"."version" ASC[0m
  [1m[35m (2.2ms)[0m  [1m[34mSELECT sqlite_version(*)[0m
  [1m[35m (0.2ms)[0m  [1m[34mSELECT "schema_migrations"."version" FROM "schema_migrations" ORDER BY "schema_migrations"."version" ASC[0m
Migrating to AddRouteToTrains (20191016152804)
  [1m[35m (0.1ms)[0m  [1m[36mbegin transaction[0m
  [1m[35m (9.9ms)[0m  [1m[35mALTER TABLE "trains" ADD "route_id" integer[0m
  [1m[35m (17.1ms)[0m  [1m[35mCREATE  INDEX "index_trains_on_route_id" ON "trains" ("route_id")[0m
  [1m[36mprimary::SchemaMigration Create (0.4ms)[0m  [1m[32mINSERT INTO "schema_migrations" ("version") VALUES (?)[0m  [["version", "20191016152804"]]
  [1m[35m (155.1ms)[0m  [1m[36mcommit transaction[0m
  [1m[36mActiveRecord::InternalMetadata Load (0.5ms)[0m  [1m[34mSELECT "ar_internal_metadata".* FROM "ar_internal_metadata" WHERE "ar_internal_metadata"."key" = ? LIMIT ?[0m  [["key", "environment"], ["LIMIT", 1]]
  [1m[35m (0.1ms)[0m  [1m[34mSELECT sqlite_version(*)[0m
  [1m[35m (0.2ms)[0m  [1m[34mSELECT "schema_migrations"."version" FROM "schema_migrations" ORDER BY "schema_migrations"."version" ASC[0m
  [1m[35m (0.4ms)[0m  [1m[34mSELECT sqlite_version(*)[0m
  [1m[36mRoute Load (0.2ms)[0m  [1m[34mSELECT "routes".* FROM "routes" LIMIT ?[0m  [["LIMIT", 11]]
  [1m[35m (0.1ms)[0m  [1m[36mbegin transaction[0m
  [1m[36mRoute Create (0.4ms)[0m  [1m[32mINSERT INTO "routes" ("name", "created_at", "updated_at") VALUES (?, ?, ?)[0m  [["name", "Москва - Мурманск"], ["created_at", "2019-10-16 15:31:51.875805"], ["updated_at", "2019-10-16 15:31:51.875805"]]
  [1m[35m (131.8ms)[0m  [1m[36mcommit transaction[0m
  [1m[36mTrain Load (0.4ms)[0m  [1m[34mSELECT "trains".* FROM "trains" ORDER BY "trains"."id" ASC LIMIT ?[0m  [["LIMIT", 1]]
  [1m[36mRoute Load (0.5ms)[0m  [1m[34mSELECT "routes".* FROM "routes"[0m
  [1m[36mTrain Load (0.5ms)[0m  [1m[34mSELECT "trains".* FROM "trains" WHERE "trains"."route_id" = ?[0m  [["route_id", 1]]
  [1m[35m (0.3ms)[0m  [1m[34mSELECT sqlite_version(*)[0m
  [1m[35m (0.1ms)[0m  [1m[34mSELECT "schema_migrations"."version" FROM "schema_migrations" ORDER BY "schema_migrations"."version" ASC[0m
Migrating to CreateRoutesTrain (20191016164046)
  [1m[35m (0.1ms)[0m  [1m[36mbegin transaction[0m
  [1m[35m (0.5ms)[0m  [1m[35mCREATE TABLE "routes_trains" ("id" integer PRIMARY KEY AUTOINCREMENT NOT NULL, "route_id" integer, "train_id" integer)[0m
  [1m[36mprimary::SchemaMigration Create (0.3ms)[0m  [1m[32mINSERT INTO "schema_migrations" ("version") VALUES (?)[0m  [["version", "20191016164046"]]
  [1m[35m (115.0ms)[0m  [1m[36mcommit transaction[0m
  [1m[36mActiveRecord::InternalMetadata Load (0.6ms)[0m  [1m[34mSELECT "ar_internal_metadata".* FROM "ar_internal_metadata" WHERE "ar_internal_metadata"."key" = ? LIMIT ?[0m  [["key", "environment"], ["LIMIT", 1]]
  [1m[35m (0.1ms)[0m  [1m[34mSELECT sqlite_version(*)[0m
  [1m[35m (0.1ms)[0m  [1m[34mSELECT "schema_migrations"."version" FROM "schema_migrations" ORDER BY "schema_migrations"."version" ASC[0m
  [1m[35m (0.4ms)[0m  [1m[34mSELECT sqlite_version(*)[0m
  [1m[36mTrain Load (0.4ms)[0m  [1m[34mSELECT "trains".* FROM "trains" LIMIT ?[0m  [["LIMIT", 11]]
  [1m[36mTrain Load (0.6ms)[0m  [1m[34mSELECT "trains".* FROM "trains" ORDER BY "trains"."id" ASC LIMIT ?[0m  [["LIMIT", 1]]
  [1m[36mRoute Load (0.1ms)[0m  [1m[34mSELECT "routes".* FROM "routes" ORDER BY "routes"."id" ASC LIMIT ?[0m  [["LIMIT", 1]]
  [1m[35m (0.1ms)[0m  [1m[36mbegin transaction[0m
  [1m[36mRoutesTrain Create (0.4ms)[0m  [1m[32mINSERT INTO "routes_trains" ("route_id", "train_id") VALUES (?, ?)[0m  [["route_id", 1], ["train_id", 1]]
  [1m[35m (127.8ms)[0m  [1m[36mcommit transaction[0m
  [1m[36mTrain Load (0.4ms)[0m  [1m[34mSELECT "trains".* FROM "trains" INNER JOIN "routes_trains" ON "trains"."id" = "routes_trains"."train_id" WHERE "routes_trains"."route_id" = ? LIMIT ?[0m  [["route_id", 1], ["LIMIT", 11]]
  [1m[36mTrain Load (0.3ms)[0m  [1m[34mSELECT "trains".* FROM "trains" INNER JOIN "routes_trains" ON "trains"."id" = "routes_trains"."train_id" WHERE "routes_trains"."route_id" = ? LIMIT ?[0m  [["route_id", 1], ["LIMIT", 11]]
  [1m[35m (0.8ms)[0m  [1m[34mSELECT sqlite_version(*)[0m
  [1m[35m (0.2ms)[0m  [1m[34mSELECT "schema_migrations"."version" FROM "schema_migrations" ORDER BY "schema_migrations"."version" ASC[0m
  [1m[35m (0.1ms)[0m  [1m[34mSELECT "schema_migrations"."version" FROM "schema_migrations" ORDER BY "schema_migrations"."version" ASC[0m
  [1m[35m (0.1ms)[0m  [1m[34mSELECT "schema_migrations"."version" FROM "schema_migrations" ORDER BY "schema_migrations"."version" ASC[0m
  [1m[35m (0.1ms)[0m  [1m[34mSELECT "schema_migrations"."version" FROM "schema_migrations" ORDER BY "schema_migrations"."version" ASC[0m
Migrating to CreateRoutesTrain (20191016164046)
  [1m[35m (0.1ms)[0m  [1m[36mbegin transaction[0m
  [1m[35m (0.6ms)[0m  [1m[35mDROP TABLE "routes_trains"[0m
  [1m[36mprimary::SchemaMigration Destroy (0.2ms)[0m  [1m[31mDELETE FROM "schema_migrations" WHERE "schema_migrations"."version" = ?[0m  [["version", "20191016164046"]]
  [1m[35m (129.1ms)[0m  [1m[36mcommit transaction[0m
  [1m[35m (0.1ms)[0m  [1m[34mSELECT sqlite_version(*)[0m
  [1m[35m (0.1ms)[0m  [1m[34mSELECT "schema_migrations"."version" FROM "schema_migrations" ORDER BY "schema_migrations"."version" ASC[0m
  [1m[35m (0.4ms)[0m  [1m[34mSELECT sqlite_version(*)[0m
  [1m[35m (0.6ms)[0m  [1m[34mSELECT "schema_migrations"."version" FROM "schema_migrations" ORDER BY "schema_migrations"."version" ASC[0m
Migrating to CreateRoutesTrain (20191016164046)
  [1m[35m (0.1ms)[0m  [1m[36mbegin transaction[0m
  [1m[35m (0.4ms)[0m  [1m[35mCREATE TABLE "routes_trains" ("id" integer PRIMARY KEY AUTOINCREMENT NOT NULL, "route_id" integer, "railway_station_id" integer)[0m
  [1m[36mprimary::SchemaMigration Create (0.2ms)[0m  [1m[32mINSERT INTO "schema_migrations" ("version") VALUES (?)[0m  [["version", "20191016164046"]]
  [1m[35m (123.3ms)[0m  [1m[36mcommit transaction[0m
  [1m[36mActiveRecord::InternalMetadata Load (0.2ms)[0m  [1m[34mSELECT "ar_internal_metadata".* FROM "ar_internal_metadata" WHERE "ar_internal_metadata"."key" = ? LIMIT ?[0m  [["key", "environment"], ["LIMIT", 1]]
  [1m[35m (0.1ms)[0m  [1m[34mSELECT sqlite_version(*)[0m
  [1m[35m (0.1ms)[0m  [1m[34mSELECT "schema_migrations"."version" FROM "schema_migrations" ORDER BY "schema_migrations"."version" ASC[0m
  [1m[35m (0.5ms)[0m  [1m[34mSELECT sqlite_version(*)[0m
  [1m[36mRoute Load (0.2ms)[0m  [1m[34mSELECT "routes".* FROM "routes" ORDER BY "routes"."id" ASC LIMIT ?[0m  [["LIMIT", 1]]
  [1m[36mRailwayStation Load (0.3ms)[0m  [1m[34mSELECT "railway_stations".* FROM "railway_stations" ORDER BY "railway_stations"."id" ASC LIMIT ?[0m  [["LIMIT", 1]]
  [1m[35m (0.5ms)[0m  [1m[34mSELECT sqlite_version(*)[0m
  [1m[36mRailwayStation Load (0.5ms)[0m  [1m[34mSELECT "railway_stations".* FROM "railway_stations" ORDER BY "railway_stations"."id" ASC LIMIT ?[0m  [["LIMIT", 1]]
  [1m[36mRoute Load (0.1ms)[0m  [1m[34mSELECT "routes".* FROM "routes" ORDER BY "routes"."id" ASC LIMIT ?[0m  [["LIMIT", 1]]
  [1m[35m (0.8ms)[0m  [1m[34mSELECT sqlite_version(*)[0m
  [1m[36mRoute Load (0.2ms)[0m  [1m[34mSELECT "routes".* FROM "routes" ORDER BY "routes"."id" ASC LIMIT ?[0m  [["LIMIT", 1]]
  [1m[36mRailwayStation Load (0.2ms)[0m  [1m[34mSELECT "railway_stations".* FROM "railway_stations" ORDER BY "railway_stations"."id" ASC LIMIT ?[0m  [["LIMIT", 1]]
  [1m[35m (0.6ms)[0m  [1m[34mSELECT sqlite_version(*)[0m
  [1m[35m (0.2ms)[0m  [1m[34mSELECT "schema_migrations"."version" FROM "schema_migrations" ORDER BY "schema_migrations"."version" ASC[0m
  [1m[35m (0.1ms)[0m  [1m[34mSELECT "schema_migrations"."version" FROM "schema_migrations" ORDER BY "schema_migrations"."version" ASC[0m
  [1m[35m (0.1ms)[0m  [1m[34mSELECT "schema_migrations"."version" FROM "schema_migrations" ORDER BY "schema_migrations"."version" ASC[0m
  [1m[35m (0.1ms)[0m  [1m[34mSELECT "schema_migrations"."version" FROM "schema_migrations" ORDER BY "schema_migrations"."version" ASC[0m
Migrating to CreateRoutesTrain (20191016164046)
  [1m[35m (0.1ms)[0m  [1m[36mbegin transaction[0m
  [1m[35m (0.5ms)[0m  [1m[35mDROP TABLE "routes_trains"[0m
  [1m[36mprimary::SchemaMigration Destroy (0.3ms)[0m  [1m[31mDELETE FROM "schema_migrations" WHERE "schema_migrations"."version" = ?[0m  [["version", "20191016164046"]]
  [1m[35m (89.8ms)[0m  [1m[36mcommit transaction[0m
  [1m[35m (0.1ms)[0m  [1m[34mSELECT sqlite_version(*)[0m
  [1m[35m (0.1ms)[0m  [1m[34mSELECT "schema_migrations"."version" FROM "schema_migrations" ORDER BY "schema_migrations"."version" ASC[0m
  [1m[35m (0.3ms)[0m  [1m[34mSELECT sqlite_version(*)[0m
  [1m[35m (0.3ms)[0m  [1m[34mSELECT "schema_migrations"."version" FROM "schema_migrations" ORDER BY "schema_migrations"."version" ASC[0m
Migrating to CreateRoutesTrain (20191016164046)
  [1m[35m (0.9ms)[0m  [1m[34mSELECT sqlite_version(*)[0m
  [1m[35m (0.2ms)[0m  [1m[34mSELECT "schema_migrations"."version" FROM "schema_migrations" ORDER BY "schema_migrations"."version" ASC[0m
Migrating to CreateRoutesTrain (20191016164046)
  [1m[35m (0.5ms)[0m  [1m[34mSELECT sqlite_version(*)[0m
  [1m[35m (0.1ms)[0m  [1m[34mSELECT "schema_migrations"."version" FROM "schema_migrations" ORDER BY "schema_migrations"."version" ASC[0m
Migrating to CreateRoutesRailwayStations (20191016164046)
  [1m[35m (0.1ms)[0m  [1m[36mbegin transaction[0m
  [1m[35m (0.3ms)[0m  [1m[35mCREATE TABLE "routes_railway_stations" ("id" integer PRIMARY KEY AUTOINCREMENT NOT NULL, "route_id" integer, "railway_station_id" integer)[0m
  [1m[36mprimary::SchemaMigration Create (0.3ms)[0m  [1m[32mINSERT INTO "schema_migrations" ("version") VALUES (?)[0m  [["version", "20191016164046"]]
  [1m[35m (104.0ms)[0m  [1m[36mcommit transaction[0m
  [1m[36mActiveRecord::InternalMetadata Load (0.4ms)[0m  [1m[34mSELECT "ar_internal_metadata".* FROM "ar_internal_metadata" WHERE "ar_internal_metadata"."key" = ? LIMIT ?[0m  [["key", "environment"], ["LIMIT", 1]]
  [1m[35m (0.1ms)[0m  [1m[34mSELECT sqlite_version(*)[0m
  [1m[35m (0.1ms)[0m  [1m[34mSELECT "schema_migrations"."version" FROM "schema_migrations" ORDER BY "schema_migrations"."version" ASC[0m
  [1m[35m (0.5ms)[0m  [1m[34mSELECT sqlite_version(*)[0m
  [1m[36mRailwayStation Load (0.2ms)[0m  [1m[34mSELECT "railway_stations".* FROM "railway_stations" ORDER BY "railway_stations"."id" ASC LIMIT ?[0m  [["LIMIT", 1]]
  [1m[36mRoute Load (0.3ms)[0m  [1m[34mSELECT "routes".* FROM "routes" ORDER BY "routes"."id" ASC LIMIT ?[0m  [["LIMIT", 1]]
  [1m[35m (0.1ms)[0m  [1m[36mbegin transaction[0m
  [1m[36mRoutesRailwayStation Create (0.3ms)[0m  [1m[32mINSERT INTO "routes_railway_stations" ("route_id", "railway_station_id") VALUES (?, ?)[0m  [["route_id", 1], ["railway_station_id", 1]]
  [1m[35m (105.3ms)[0m  [1m[36mcommit transaction[0m
  [1m[36mRoute Load (0.6ms)[0m  [1m[34mSELECT "routes".* FROM "routes" INNER JOIN "routes_railway_stations" ON "routes"."id" = "routes_railway_stations"."route_id" WHERE "routes_railway_stations"."railway_station_id" = ? LIMIT ?[0m  [["railway_station_id", 1], ["LIMIT", 11]]
  [1m[36mRoute Load (0.3ms)[0m  [1m[34mSELECT "routes".* FROM "routes" INNER JOIN "routes_railway_stations" ON "routes"."id" = "routes_railway_stations"."route_id" WHERE "routes_railway_stations"."railway_station_id" = ? LIMIT ?[0m  [["railway_station_id", 1], ["LIMIT", 11]]
  [1m[36mRailwayStation Load (0.5ms)[0m  [1m[34mSELECT "railway_stations".* FROM "railway_stations" INNER JOIN "routes_railway_stations" ON "railway_stations"."id" = "routes_railway_stations"."railway_station_id" WHERE "routes_railway_stations"."route_id" = ? LIMIT ?[0m  [["route_id", 1], ["LIMIT", 11]]
  [1m[35m (0.3ms)[0m  [1m[36mbegin transaction[0m
  [1m[36mRailwayStation Create (0.7ms)[0m  [1m[32mINSERT INTO "railway_stations" ("title", "created_at", "updated_at") VALUES (?, ?, ?)[0m  [["title", "Краснодар"], ["created_at", "2019-10-16 17:10:42.281726"], ["updated_at", "2019-10-16 17:10:42.281726"]]
  [1m[35m (87.7ms)[0m  [1m[36mcommit transaction[0m
  [1m[35m (0.2ms)[0m  [1m[36mbegin transaction[0m
  [1m[36mRoute Create (0.6ms)[0m  [1m[32mINSERT INTO "routes" ("name", "created_at", "updated_at") VALUES (?, ?, ?)[0m  [["name", "Москва - Краснодар"], ["created_at", "2019-10-16 17:12:30.573150"], ["updated_at", "2019-10-16 17:12:30.573150"]]
  [1m[35m (121.1ms)[0m  [1m[36mcommit transaction[0m
  [1m[35m (0.1ms)[0m  [1m[36mbegin transaction[0m
  [1m[36mRoutesRailwayStation Create (1.4ms)[0m  [1m[32mINSERT INTO "routes_railway_stations" ("route_id", "railway_station_id") VALUES (?, ?)[0m  [["route_id", 2], ["railway_station_id", 1]]
  [1m[35m (111.8ms)[0m  [1m[36mcommit transaction[0m
  [1m[36mRailwayStation Load (0.2ms)[0m  [1m[34mSELECT "railway_stations".* FROM "railway_stations" INNER JOIN "routes_railway_stations" ON "railway_stations"."id" = "routes_railway_stations"."railway_station_id" WHERE "routes_railway_stations"."route_id" = ? LIMIT ?[0m  [["route_id", 2], ["LIMIT", 11]]
  [1m[36mRoute Load (0.2ms)[0m  [1m[34mSELECT "routes".* FROM "routes" INNER JOIN "routes_railway_stations" ON "routes"."id" = "routes_railway_stations"."route_id" WHERE "routes_railway_stations"."railway_station_id" = ? LIMIT ?[0m  [["railway_station_id", 1], ["LIMIT", 11]]
Started GET "/" for ::1 at 2019-10-16 20:15:00 +0300
  [1m[35m (0.4ms)[0m  [1m[34mSELECT sqlite_version(*)[0m
  [1m[35m (0.2ms)[0m  [1m[34mSELECT "schema_migrations"."version" FROM "schema_migrations" ORDER BY "schema_migrations"."version" ASC[0m
Processing by WelcomeController#index as HTML
  Rendering welcome/index.html.erb within layouts/application
  Rendered welcome/index.html.erb within layouts/application (Duration: 3.6ms | Allocations: 459)
Completed 200 OK in 1366ms (Views: 1303.7ms | ActiveRecord: 0.0ms | Allocations: 1258131)


Started GET "/railway_stations" for ::1 at 2019-10-16 20:15:05 +0300
Processing by RailwayStationsController#index as HTML
  Rendering railway_stations/index.html.erb within layouts/application
  [1m[36mRailwayStation Load (0.2ms)[0m  [1m[34mSELECT "railway_stations".* FROM "railway_stations"[0m
  ↳ app/views/railway_stations/index.html.erb:14
  Rendered railway_stations/index.html.erb within layouts/application (Duration: 9.0ms | Allocations: 4402)
Completed 200 OK in 29ms (Views: 18.7ms | ActiveRecord: 1.0ms | Allocations: 14577)


Started GET "/welcome/index" for ::1 at 2019-10-16 20:15:15 +0300
Processing by WelcomeController#index as HTML
  Rendering welcome/index.html.erb within layouts/application
  Rendered welcome/index.html.erb within layouts/application (Duration: 0.5ms | Allocations: 98)
Completed 200 OK in 12ms (Views: 10.8ms | ActiveRecord: 0.0ms | Allocations: 7435)


Started GET "/trains" for ::1 at 2019-10-16 20:15:17 +0300
Processing by TrainsController#index as HTML
  Rendering trains/index.html.erb within layouts/application
  [1m[36mTrain Load (0.2ms)[0m  [1m[34mSELECT "trains".* FROM "trains"[0m
  ↳ app/views/trains/index.html.erb:14
  Rendered trains/index.html.erb within layouts/application (Duration: 10.6ms | Allocations: 5062)
Completed 200 OK in 29ms (Views: 22.4ms | ActiveRecord: 0.8ms | Allocations: 14035)


Started GET "/welcome/index" for ::1 at 2019-10-16 20:15:19 +0300
Processing by WelcomeController#index as HTML
  Rendering welcome/index.html.erb within layouts/application
  Rendered welcome/index.html.erb within layouts/application (Duration: 0.3ms | Allocations: 98)
Completed 200 OK in 12ms (Views: 11.4ms | ActiveRecord: 0.0ms | Allocations: 7433)


Started GET "/routes" for ::1 at 2019-10-16 20:15:20 +0300
Processing by RoutesController#index as HTML
  Rendering routes/index.html.erb within layouts/application
  [1m[36mRoute Load (0.2ms)[0m  [1m[34mSELECT "routes".* FROM "routes"[0m
  ↳ app/views/routes/index.html.erb:14
  Rendered routes/index.html.erb within layouts/application (Duration: 9.0ms | Allocations: 3676)
Completed 200 OK in 25ms (Views: 19.2ms | ActiveRecord: 1.0ms | Allocations: 13359)


Started GET "/welcome/index" for ::1 at 2019-10-16 20:15:30 +0300
Processing by WelcomeController#index as HTML
  Rendering welcome/index.html.erb within layouts/application
  Rendered welcome/index.html.erb within layouts/application (Duration: 0.2ms | Allocations: 97)
Completed 200 OK in 12ms (Views: 11.6ms | ActiveRecord: 0.0ms | Allocations: 7430)


  [1m[36mTrain Load (0.1ms)[0m  [1m[34mSELECT "trains".* FROM "trains" ORDER BY "trains"."id" ASC LIMIT ?[0m  [["LIMIT", 1]]
  [1m[36mRailwayStation Load (0.4ms)[0m  [1m[34mSELECT "railway_stations".* FROM "railway_stations" ORDER BY "railway_stations"."id" ASC LIMIT ?[0m  [["LIMIT", 1]]
  [1m[36mTrain Load (1.4ms)[0m  [1m[34mSELECT "trains".* FROM "trains" WHERE "trains"."railway_station_id" = ? LIMIT ?[0m  [["railway_station_id", 1], ["LIMIT", 11]]
  [1m[35m (0.4ms)[0m  [1m[34mSELECT sqlite_version(*)[0m
  [1m[36mRailwayStation Load (0.2ms)[0m  [1m[34mSELECT "railway_stations".* FROM "railway_stations" ORDER BY "railway_stations"."id" ASC LIMIT ?[0m  [["LIMIT", 1]]
  [1m[36mTrain Load (0.3ms)[0m  [1m[34mSELECT "trains".* FROM "trains" ORDER BY "trains"."id" ASC LIMIT ?[0m  [["LIMIT", 1]]
  [1m[36mTrain Load (1.0ms)[0m  [1m[34mSELECT "trains".* FROM "trains" WHERE "trains"."railway_station_id" = ? LIMIT ?[0m  [["railway_station_id", 1], ["LIMIT", 11]]
  [1m[35m (0.8ms)[0m  [1m[34mSELECT sqlite_version(*)[0m
  [1m[36mTrain Load (0.2ms)[0m  [1m[34mSELECT "trains".* FROM "trains" ORDER BY "trains"."id" ASC LIMIT ?[0m  [["LIMIT", 1]]
  [1m[36mRailwayStation Load (0.2ms)[0m  [1m[34mSELECT "railway_stations".* FROM "railway_stations" ORDER BY "railway_stations"."id" ASC LIMIT ?[0m  [["LIMIT", 1]]
  [1m[36mTrain Load (0.3ms)[0m  [1m[34mSELECT "trains".* FROM "trains" WHERE "trains"."current_station_id" = ? LIMIT ?[0m  [["current_station_id", 1], ["LIMIT", 11]]
  [1m[35m (0.1ms)[0m  [1m[36mbegin transaction[0m
  [1m[36mRailwayStation Load (0.2ms)[0m  [1m[34mSELECT "railway_stations".* FROM "railway_stations" WHERE "railway_stations"."id" = ? LIMIT ?[0m  [["id", 1], ["LIMIT", 1]]
  [1m[35m (0.1ms)[0m  [1m[31mrollback transaction[0m
  [1m[36mTrain Load (0.4ms)[0m  [1m[34mSELECT "trains".* FROM "trains" WHERE "trains"."current_station_id" = ?[0m  [["current_station_id", 1]]
  [1m[36mRoute Load (0.2ms)[0m  [1m[34mSELECT "routes".* FROM "routes" ORDER BY "routes"."id" ASC LIMIT ?[0m  [["LIMIT", 1]]
  [1m[35m (0.2ms)[0m  [1m[36mbegin transaction[0m
  [1m[36mTrain Update (1.3ms)[0m  [1m[33mUPDATE "trains" SET "updated_at" = ?, "current_station_id" = ?, "route_id" = ? WHERE "trains"."id" = ?[0m  [["updated_at", "2019-10-16 18:08:02.562032"], ["current_station_id", 1], ["route_id", 1], ["id", 1]]
  [1m[35m (130.1ms)[0m  [1m[36mcommit transaction[0m
  [1m[36mTrain Load (0.6ms)[0m  [1m[34mSELECT "trains".* FROM "trains" WHERE "trains"."route_id" = ? LIMIT ?[0m  [["route_id", 1], ["LIMIT", 11]]
  [1m[36mTrain Load (0.5ms)[0m  [1m[34mSELECT "trains".* FROM "trains"[0m
  [1m[35m (0.2ms)[0m  [1m[36mbegin transaction[0m
  [1m[36mTrain Update (1.1ms)[0m  [1m[33mUPDATE "trains" SET "updated_at" = ?, "current_station_id" = ?, "route_id" = ? WHERE "trains"."id" = ?[0m  [["updated_at", "2019-10-16 18:12:26.899119"], ["current_station_id", 1], ["route_id", 1], ["id", 2]]
  [1m[35m (147.0ms)[0m  [1m[36mcommit transaction[0m
  [1m[35m (0.2ms)[0m  [1m[36mbegin transaction[0m
  [1m[36mTrain Destroy (1.9ms)[0m  [1m[31mDELETE FROM "trains" WHERE "trains"."id" = ?[0m  [["id", 2]]
  [1m[35m (135.9ms)[0m  [1m[36mcommit transaction[0m
  [1m[36mTrain Load (0.3ms)[0m  [1m[34mSELECT "trains".* FROM "trains" WHERE "trains"."current_station_id" = ?[0m  [["current_station_id", 1]]
Started GET "/trains" for ::1 at 2019-10-16 21:33:03 +0300
  [1m[35m (0.1ms)[0m  [1m[34mSELECT sqlite_version(*)[0m
Processing by TrainsController#index as HTML
  Rendering trains/index.html.erb within layouts/application
  [1m[36mTrain Load (0.2ms)[0m  [1m[34mSELECT "trains".* FROM "trains"[0m
  ↳ app/views/trains/index.html.erb:14
  Rendered trains/index.html.erb within layouts/application (Duration: 8.9ms | Allocations: 4430)
Completed 200 OK in 22ms (Views: 19.2ms | ActiveRecord: 0.2ms | Allocations: 12726)


  [1m[36mTrain Load (0.3ms)[0m  [1m[34mSELECT "trains".* FROM "trains"[0m
  [1m[35m (0.2ms)[0m  [1m[36mbegin transaction[0m
  [1m[36mTrain Update (2.3ms)[0m  [1m[33mUPDATE "trains" SET "updated_at" = ?, "current_station_id" = ?, "route_id" = ? WHERE "trains"."id" = ?[0m  [["updated_at", "2019-10-16 18:34:30.798812"], ["current_station_id", 1], ["route_id", 1], ["id", 3]]
  [1m[35m (128.1ms)[0m  [1m[36mcommit transaction[0m
  [1m[36mTrain Load (0.4ms)[0m  [1m[34mSELECT "trains".* FROM "trains" WHERE "trains"."current_station_id" = ?[0m  [["current_station_id", 1]]
  [1m[35m (0.4ms)[0m  [1m[34mSELECT sqlite_version(*)[0m
  [1m[35m (0.1ms)[0m  [1m[34mSELECT "schema_migrations"."version" FROM "schema_migrations" ORDER BY "schema_migrations"."version" ASC[0m
Migrating to CreateTickets (20191016183729)
  [1m[35m (0.1ms)[0m  [1m[36mbegin transaction[0m
  [1m[35m (0.4ms)[0m  [1m[35mCREATE TABLE "tickets" ("id" integer PRIMARY KEY AUTOINCREMENT NOT NULL, "first_station" varchar, "last_station" varchar, "user_id" integer, "created_at" datetime(6) NOT NULL, "updated_at" datetime(6) NOT NULL)[0m
  [1m[35m (0.1ms)[0m  [1m[35mCREATE  INDEX "index_tickets_on_user_id" ON "tickets" ("user_id")[0m
  [1m[36mprimary::SchemaMigration Create (0.3ms)[0m  [1m[32mINSERT INTO "schema_migrations" ("version") VALUES (?)[0m  [["version", "20191016183729"]]
  [1m[35m (152.7ms)[0m  [1m[36mcommit transaction[0m
Migrating to CreateUsers (20191016184045)
  [1m[35m (0.1ms)[0m  [1m[36mbegin transaction[0m
  [1m[35m (0.5ms)[0m  [1m[35mCREATE TABLE "users" ("id" integer PRIMARY KEY AUTOINCREMENT NOT NULL, "name" varchar, "created_at" datetime(6) NOT NULL, "updated_at" datetime(6) NOT NULL)[0m
  [1m[36mprimary::SchemaMigration Create (0.2ms)[0m  [1m[32mINSERT INTO "schema_migrations" ("version") VALUES (?)[0m  [["version", "20191016184045"]]
  [1m[35m (117.3ms)[0m  [1m[36mcommit transaction[0m
  [1m[36mActiveRecord::InternalMetadata Load (0.2ms)[0m  [1m[34mSELECT "ar_internal_metadata".* FROM "ar_internal_metadata" WHERE "ar_internal_metadata"."key" = ? LIMIT ?[0m  [["key", "environment"], ["LIMIT", 1]]
  [1m[35m (0.1ms)[0m  [1m[34mSELECT sqlite_version(*)[0m
  [1m[35m (0.1ms)[0m  [1m[34mSELECT "schema_migrations"."version" FROM "schema_migrations" ORDER BY "schema_migrations"."version" ASC[0m
  [1m[35m (0.3ms)[0m  [1m[34mSELECT sqlite_version(*)[0m
  [1m[35m (0.2ms)[0m  [1m[34mSELECT "schema_migrations"."version" FROM "schema_migrations" ORDER BY "schema_migrations"."version" ASC[0m
  [1m[35m (0.1ms)[0m  [1m[34mSELECT "schema_migrations"."version" FROM "schema_migrations" ORDER BY "schema_migrations"."version" ASC[0m
  [1m[35m (0.1ms)[0m  [1m[34mSELECT "schema_migrations"."version" FROM "schema_migrations" ORDER BY "schema_migrations"."version" ASC[0m
  [1m[35m (0.1ms)[0m  [1m[34mSELECT "schema_migrations"."version" FROM "schema_migrations" ORDER BY "schema_migrations"."version" ASC[0m
Migrating to CreateUsers (20191016184045)
  [1m[35m (0.1ms)[0m  [1m[36mbegin transaction[0m
  [1m[35m (0.4ms)[0m  [1m[35mDROP TABLE "users"[0m
  [1m[36mprimary::SchemaMigration Destroy (0.3ms)[0m  [1m[31mDELETE FROM "schema_migrations" WHERE "schema_migrations"."version" = ?[0m  [["version", "20191016184045"]]
  [1m[35m (87.3ms)[0m  [1m[36mcommit transaction[0m
  [1m[35m (0.2ms)[0m  [1m[34mSELECT sqlite_version(*)[0m
  [1m[35m (0.4ms)[0m  [1m[34mSELECT "schema_migrations"."version" FROM "schema_migrations" ORDER BY "schema_migrations"."version" ASC[0m
  [1m[35m (0.3ms)[0m  [1m[34mSELECT sqlite_version(*)[0m
  [1m[35m (0.1ms)[0m  [1m[34mSELECT "schema_migrations"."version" FROM "schema_migrations" ORDER BY "schema_migrations"."version" ASC[0m
Migrating to CreateUsers (20191016184045)
  [1m[35m (0.1ms)[0m  [1m[36mbegin transaction[0m
  [1m[35m (0.4ms)[0m  [1m[35mCREATE TABLE "users" ("id" integer PRIMARY KEY AUTOINCREMENT NOT NULL, "name" varchar, "created_at" datetime(6) NOT NULL, "updated_at" datetime(6) NOT NULL)[0m
  [1m[36mprimary::SchemaMigration Create (0.2ms)[0m  [1m[32mINSERT INTO "schema_migrations" ("version") VALUES (?)[0m  [["version", "20191016184045"]]
  [1m[35m (89.1ms)[0m  [1m[36mcommit transaction[0m
  [1m[36mActiveRecord::InternalMetadata Load (0.2ms)[0m  [1m[34mSELECT "ar_internal_metadata".* FROM "ar_internal_metadata" WHERE "ar_internal_metadata"."key" = ? LIMIT ?[0m  [["key", "environment"], ["LIMIT", 1]]
  [1m[35m (0.1ms)[0m  [1m[34mSELECT sqlite_version(*)[0m
  [1m[35m (0.1ms)[0m  [1m[34mSELECT "schema_migrations"."version" FROM "schema_migrations" ORDER BY "schema_migrations"."version" ASC[0m
  [1m[35m (0.4ms)[0m  [1m[34mSELECT sqlite_version(*)[0m
  [1m[35m (0.1ms)[0m  [1m[36mbegin transaction[0m
  [1m[36mUser Create (0.9ms)[0m  [1m[32mINSERT INTO "users" ("name", "created_at", "updated_at") VALUES (?, ?, ?)[0m  [["name", "Den"], ["created_at", "2019-10-16 18:48:21.225997"], ["updated_at", "2019-10-16 18:48:21.225997"]]
  [1m[35m (163.9ms)[0m  [1m[36mcommit transaction[0m
  [1m[36mTicket Load (0.2ms)[0m  [1m[34mSELECT "tickets".* FROM "tickets" WHERE "tickets"."user_id" = ? LIMIT ?[0m  [["user_id", 1], ["LIMIT", 11]]
  [1m[35m (0.3ms)[0m  [1m[34mSELECT sqlite_version(*)[0m
  [1m[35m (0.1ms)[0m  [1m[34mSELECT "schema_migrations"."version" FROM "schema_migrations" ORDER BY "schema_migrations"."version" ASC[0m
  [1m[36mActiveRecord::InternalMetadata Load (0.2ms)[0m  [1m[34mSELECT "ar_internal_metadata".* FROM "ar_internal_metadata" WHERE "ar_internal_metadata"."key" = ? LIMIT ?[0m  [["key", "environment"], ["LIMIT", 1]]
  [1m[35m (0.1ms)[0m  [1m[34mSELECT sqlite_version(*)[0m
  [1m[35m (0.1ms)[0m  [1m[34mSELECT "schema_migrations"."version" FROM "schema_migrations" ORDER BY "schema_migrations"."version" ASC[0m
  [1m[35m (0.3ms)[0m  [1m[34mSELECT sqlite_version(*)[0m
  [1m[35m (0.1ms)[0m  [1m[34mSELECT "schema_migrations"."version" FROM "schema_migrations" ORDER BY "schema_migrations"."version" ASC[0m
  [1m[35m (0.1ms)[0m  [1m[34mSELECT "schema_migrations"."version" FROM "schema_migrations" ORDER BY "schema_migrations"."version" ASC[0m
  [1m[35m (0.1ms)[0m  [1m[34mSELECT "schema_migrations"."version" FROM "schema_migrations" ORDER BY "schema_migrations"."version" ASC[0m
  [1m[35m (0.1ms)[0m  [1m[34mSELECT "schema_migrations"."version" FROM "schema_migrations" ORDER BY "schema_migrations"."version" ASC[0m
Migrating to CreateUsers (20191016184045)
  [1m[35m (0.1ms)[0m  [1m[36mbegin transaction[0m
  [1m[35m (0.4ms)[0m  [1m[35mDROP TABLE "users"[0m
  [1m[36mprimary::SchemaMigration Destroy (0.2ms)[0m  [1m[31mDELETE FROM "schema_migrations" WHERE "schema_migrations"."version" = ?[0m  [["version", "20191016184045"]]
  [1m[35m (121.5ms)[0m  [1m[36mcommit transaction[0m
  [1m[35m (0.1ms)[0m  [1m[34mSELECT sqlite_version(*)[0m
  [1m[35m (0.3ms)[0m  [1m[34mSELECT "schema_migrations"."version" FROM "schema_migrations" ORDER BY "schema_migrations"."version" ASC[0m
  [1m[35m (0.3ms)[0m  [1m[34mSELECT sqlite_version(*)[0m
  [1m[35m (0.1ms)[0m  [1m[34mSELECT "schema_migrations"."version" FROM "schema_migrations" ORDER BY "schema_migrations"."version" ASC[0m
  [1m[35m (0.1ms)[0m  [1m[34mSELECT "schema_migrations"."version" FROM "schema_migrations" ORDER BY "schema_migrations"."version" ASC[0m
  [1m[35m (0.1ms)[0m  [1m[34mSELECT "schema_migrations"."version" FROM "schema_migrations" ORDER BY "schema_migrations"."version" ASC[0m
  [1m[35m (0.1ms)[0m  [1m[34mSELECT "schema_migrations"."version" FROM "schema_migrations" ORDER BY "schema_migrations"."version" ASC[0m
Migrating to CreateTickets (20191016183729)
  [1m[35m (0.1ms)[0m  [1m[36mbegin transaction[0m
  [1m[35m (0.5ms)[0m  [1m[35mDROP TABLE "tickets"[0m
  [1m[36mprimary::SchemaMigration Destroy (0.2ms)[0m  [1m[31mDELETE FROM "schema_migrations" WHERE "schema_migrations"."version" = ?[0m  [["version", "20191016183729"]]
  [1m[35m (122.8ms)[0m  [1m[36mcommit transaction[0m
  [1m[35m (0.1ms)[0m  [1m[34mSELECT sqlite_version(*)[0m
  [1m[35m (0.3ms)[0m  [1m[34mSELECT "schema_migrations"."version" FROM "schema_migrations" ORDER BY "schema_migrations"."version" ASC[0m
  [1m[35m (0.4ms)[0m  [1m[34mSELECT sqlite_version(*)[0m
  [1m[35m (0.1ms)[0m  [1m[34mSELECT "schema_migrations"."version" FROM "schema_migrations" ORDER BY "schema_migrations"."version" ASC[0m
Migrating to CreateTickets (20191016183729)
  [1m[35m (0.1ms)[0m  [1m[36mbegin transaction[0m
  [1m[35m (0.9ms)[0m  [1m[35mCREATE TABLE "tickets" ("id" integer PRIMARY KEY AUTOINCREMENT NOT NULL, "first_station" varchar, "last_station" varchar, "user_id" integer, "train_id" integer, "created_at" datetime(6) NOT NULL, "updated_at" datetime(6) NOT NULL)[0m
  [1m[35m (0.2ms)[0m  [1m[35mCREATE  INDEX "index_tickets_on_user_id" ON "tickets" ("user_id")[0m
  [1m[35m (0.1ms)[0m  [1m[35mCREATE  INDEX "index_tickets_on_train_id" ON "tickets" ("train_id")[0m
  [1m[36mprimary::SchemaMigration Create (0.2ms)[0m  [1m[32mINSERT INTO "schema_migrations" ("version") VALUES (?)[0m  [["version", "20191016183729"]]
  [1m[35m (89.3ms)[0m  [1m[36mcommit transaction[0m
Migrating to CreateUsers (20191016184045)
  [1m[35m (0.1ms)[0m  [1m[36mbegin transaction[0m
  [1m[35m (0.4ms)[0m  [1m[35mCREATE TABLE "users" ("id" integer PRIMARY KEY AUTOINCREMENT NOT NULL, "name" varchar, "created_at" datetime(6) NOT NULL, "updated_at" datetime(6) NOT NULL)[0m
  [1m[36mprimary::SchemaMigration Create (0.3ms)[0m  [1m[32mINSERT INTO "schema_migrations" ("version") VALUES (?)[0m  [["version", "20191016184045"]]
  [1m[35m (118.5ms)[0m  [1m[36mcommit transaction[0m
  [1m[36mActiveRecord::InternalMetadata Load (0.2ms)[0m  [1m[34mSELECT "ar_internal_metadata".* FROM "ar_internal_metadata" WHERE "ar_internal_metadata"."key" = ? LIMIT ?[0m  [["key", "environment"], ["LIMIT", 1]]
  [1m[35m (0.1ms)[0m  [1m[34mSELECT sqlite_version(*)[0m
  [1m[35m (0.1ms)[0m  [1m[34mSELECT "schema_migrations"."version" FROM "schema_migrations" ORDER BY "schema_migrations"."version" ASC[0m
  [1m[35m (0.4ms)[0m  [1m[34mSELECT sqlite_version(*)[0m
  [1m[36mUser Load (0.2ms)[0m  [1m[34mSELECT "users".* FROM "users" ORDER BY "users"."id" ASC LIMIT ?[0m  [["LIMIT", 1]]
  [1m[35m (0.1ms)[0m  [1m[36mbegin transaction[0m
  [1m[36mUser Create (0.3ms)[0m  [1m[32mINSERT INTO "users" ("name", "created_at", "updated_at") VALUES (?, ?, ?)[0m  [["name", "Den"], ["created_at", "2019-10-16 19:07:02.862481"], ["updated_at", "2019-10-16 19:07:02.862481"]]
  [1m[35m (105.8ms)[0m  [1m[36mcommit transaction[0m
  [1m[36mTrain Load (0.4ms)[0m  [1m[34mSELECT "trains".* FROM "trains" ORDER BY "trains"."id" ASC LIMIT ?[0m  [["LIMIT", 1]]
  [1m[35m (0.2ms)[0m  [1m[36mbegin transaction[0m
  [1m[36mTicket Create (1.7ms)[0m  [1m[32mINSERT INTO "tickets" ("first_station", "last_station", "user_id", "train_id", "created_at", "updated_at") VALUES (?, ?, ?, ?, ?, ?)[0m  [["first_station", "Москва"], ["last_station", "Мурманск"], ["user_id", 1], ["train_id", 1], ["created_at", "2019-10-16 19:08:25.868251"], ["updated_at", "2019-10-16 19:08:25.868251"]]
  [1m[35m (106.6ms)[0m  [1m[36mcommit transaction[0m
  [1m[36mTicket Load (0.2ms)[0m  [1m[34mSELECT "tickets".* FROM "tickets" WHERE "tickets"."user_id" = ? LIMIT ?[0m  [["user_id", 1], ["LIMIT", 11]]
  [1m[36mTicket Load (0.6ms)[0m  [1m[34mSELECT "tickets".* FROM "tickets" WHERE "tickets"."user_id" = ?[0m  [["user_id", 1]]
  [1m[36mTrain Load (0.3ms)[0m  [1m[34mSELECT "trains".* FROM "trains" WHERE "trains"."id" = ? LIMIT ?[0m  [["id", 1], ["LIMIT", 1]]
  [1m[36mRoute Load (0.1ms)[0m  [1m[34mSELECT "routes".* FROM "routes" WHERE "routes"."id" = ? LIMIT ?[0m  [["id", 1], ["LIMIT", 1]]
  [1m[36mTicket Load (0.6ms)[0m  [1m[34mSELECT "tickets".* FROM "tickets" WHERE "tickets"."train_id" = ? LIMIT ?[0m  [["train_id", 1], ["LIMIT", 11]]
